<?xml version="1.0" encoding="UTF-8"?>
<!-- Generated by org.testng.reporters.JUnitXMLReporter -->
<testsuite ignored="0" hostname="Swarup-PC" failures="0" tests="8" name="Dollar Days Test" time="223.289" errors="0" timestamp="2021-01-25T14:30:38 CST">
  <testcase classname="com.dollardays.testcases.TC_GetURLTest_001" name="loginTest" time="4.502"/>
  <testcase classname="com.dollardays.testcases.TC_SignIn_002" name="loginTest" time="11.493"/>
  <testcase classname="com.dollardays.testcases.TC_ClickFavorite_003" name="loginTest" time="14.459"/>
  <testcase classname="com.dollardays.testcases.TC_ClickSortByDropDown_004" name="loginTest" time="23.005"/>
  <testcase classname="com.dollardays.testcases.TC_ClickViewDropDown_005" name="loginTest" time="14.823"/>
  <testcase classname="com.dollardays.testcases.TC_ClickItem_006" name="loginTest" time="17.588"/>
  <testcase classname="com.dollardays.testcases.TC_GetItemDescription_007" name="loginTest" time="15.352"/>
  <testcase classname="com.dollardays.testcases.TC_AddToCart_008" name="loginTest" time="22.642"/>
</testsuite> <!-- Dollar Days Test -->
