<?xml version="1.0" encoding="UTF-8"?>
<!-- Generated by org.testng.reporters.JUnitXMLReporter -->
<testsuite ignored="0" hostname="Swarup-PC" failures="0" tests="8" name="Dollar Days Test" time="120.451" errors="0" timestamp="2021-01-21T20:11:57 CST">
  <testcase classname="com.dollardays.testcases.TC_GetURLTest_001" name="loginTest" time="4.118"/>
  <testcase classname="com.dollardays.testcases.TC_SignIn_002" name="loginTest" time="6.955"/>
  <testcase classname="com.dollardays.testcases.TC_ClickFavorite_003" name="loginTest" time="9.273"/>
  <testcase classname="com.dollardays.testcases.TC_ClickSortByDropDown_004" name="loginTest" time="9.222"/>
  <testcase classname="com.dollardays.testcases.TC_ClickViewDropDown_005" name="loginTest" time="11.702"/>
  <testcase classname="com.dollardays.testcases.TC_ClickItem_006" name="loginTest" time="11.075"/>
  <testcase classname="com.dollardays.testcases.TC_GetItemDescription_007" name="loginTest" time="12.187"/>
  <testcase classname="com.dollardays.testcases.TC_AddToCart_008" name="loginTest" time="11.464"/>
</testsuite> <!-- Dollar Days Test -->
