<?xml version="1.0" encoding="UTF-8"?>
<testng-results ignored="0" total="8" passed="8" failed="0" skipped="0">
  <reporter-output>
  </reporter-output>
  <suite started-at="2021-01-25T01:03:06 CST" name="Suite" finished-at="2021-01-25T01:05:47 CST" duration-ms="160119">
    <groups>
    </groups>
    <test started-at="2021-01-25T01:03:06 CST" name="Dollar Days Test" finished-at="2021-01-25T01:05:47 CST" duration-ms="160119">
      <class name="com.dollardays.testcases.TC_ClickViewDropDown_005">
        <test-method is-config="true" signature="setUp()[pri:0, instance:com.dollardays.testcases.TC_ClickViewDropDown_005@54c62d71]" started-at="2021-01-25T01:04:29 CST" name="setUp" finished-at="2021-01-25T01:04:34 CST" duration-ms="4993" status="PASS">
          <reporter-output>
          </reporter-output>
        </test-method> <!-- setUp -->
        <test-method signature="loginTest()[pri:0, instance:com.dollardays.testcases.TC_ClickViewDropDown_005@54c62d71]" started-at="2021-01-25T01:04:34 CST" name="loginTest" finished-at="2021-01-25T01:04:44 CST" duration-ms="10408" status="PASS">
          <reporter-output>
          </reporter-output>
        </test-method> <!-- loginTest -->
        <test-method is-config="true" signature="teardown()[pri:0, instance:com.dollardays.testcases.TC_ClickViewDropDown_005@54c62d71]" started-at="2021-01-25T01:04:44 CST" name="teardown" finished-at="2021-01-25T01:04:46 CST" duration-ms="1561" status="PASS">
          <reporter-output>
          </reporter-output>
        </test-method> <!-- teardown -->
      </class> <!-- com.dollardays.testcases.TC_ClickViewDropDown_005 -->
      <class name="com.dollardays.testcases.TC_GetURLTest_001">
        <test-method is-config="true" signature="setUp()[pri:0, instance:com.dollardays.testcases.TC_GetURLTest_001@5911e990]" started-at="2021-01-25T01:03:06 CST" name="setUp" finished-at="2021-01-25T01:03:13 CST" duration-ms="6145" status="PASS">
          <reporter-output>
          </reporter-output>
        </test-method> <!-- setUp -->
        <test-method signature="loginTest()[pri:0, instance:com.dollardays.testcases.TC_GetURLTest_001@5911e990]" started-at="2021-01-25T01:03:13 CST" name="loginTest" finished-at="2021-01-25T01:03:19 CST" duration-ms="6323" status="PASS">
          <reporter-output>
          </reporter-output>
        </test-method> <!-- loginTest -->
        <test-method is-config="true" signature="teardown()[pri:0, instance:com.dollardays.testcases.TC_GetURLTest_001@5911e990]" started-at="2021-01-25T01:03:19 CST" name="teardown" finished-at="2021-01-25T01:03:21 CST" duration-ms="1752" status="PASS">
          <reporter-output>
          </reporter-output>
        </test-method> <!-- teardown -->
      </class> <!-- com.dollardays.testcases.TC_GetURLTest_001 -->
      <class name="com.dollardays.testcases.TC_ClickFavorite_003">
        <test-method is-config="true" signature="setUp()[pri:0, instance:com.dollardays.testcases.TC_ClickFavorite_003@1d470d0]" started-at="2021-01-25T01:03:57 CST" name="setUp" finished-at="2021-01-25T01:04:02 CST" duration-ms="5066" status="PASS">
          <reporter-output>
          </reporter-output>
        </test-method> <!-- setUp -->
        <test-method signature="loginTest()[pri:0, instance:com.dollardays.testcases.TC_ClickFavorite_003@1d470d0]" started-at="2021-01-25T01:04:02 CST" name="loginTest" finished-at="2021-01-25T01:04:12 CST" duration-ms="10231" status="PASS">
          <reporter-output>
          </reporter-output>
        </test-method> <!-- loginTest -->
        <test-method is-config="true" signature="teardown()[pri:0, instance:com.dollardays.testcases.TC_ClickFavorite_003@1d470d0]" started-at="2021-01-25T01:04:12 CST" name="teardown" finished-at="2021-01-25T01:04:13 CST" duration-ms="1168" status="PASS">
          <reporter-output>
          </reporter-output>
        </test-method> <!-- teardown -->
      </class> <!-- com.dollardays.testcases.TC_ClickFavorite_003 -->
      <class name="com.dollardays.testcases.TC_ClickItem_006">
        <test-method is-config="true" signature="setUp()[pri:0, instance:com.dollardays.testcases.TC_ClickItem_006@65045a87]" started-at="2021-01-25T01:04:46 CST" name="setUp" finished-at="2021-01-25T01:04:51 CST" duration-ms="5016" status="PASS">
          <reporter-output>
          </reporter-output>
        </test-method> <!-- setUp -->
        <test-method signature="loginTest()[pri:0, instance:com.dollardays.testcases.TC_ClickItem_006@65045a87]" started-at="2021-01-25T01:04:51 CST" name="loginTest" finished-at="2021-01-25T01:05:05 CST" duration-ms="14472" status="PASS">
          <reporter-output>
          </reporter-output>
        </test-method> <!-- loginTest -->
        <test-method is-config="true" signature="teardown()[pri:0, instance:com.dollardays.testcases.TC_ClickItem_006@65045a87]" started-at="2021-01-25T01:05:05 CST" name="teardown" finished-at="2021-01-25T01:05:07 CST" duration-ms="1577" status="PASS">
          <reporter-output>
          </reporter-output>
        </test-method> <!-- teardown -->
      </class> <!-- com.dollardays.testcases.TC_ClickItem_006 -->
      <class name="com.dollardays.testcases.TC_SignIn_002">
        <test-method is-config="true" signature="setUp()[pri:0, instance:com.dollardays.testcases.TC_SignIn_002@31000e60]" started-at="2021-01-25T01:03:21 CST" name="setUp" finished-at="2021-01-25T01:03:26 CST" duration-ms="5404" status="PASS">
          <reporter-output>
          </reporter-output>
        </test-method> <!-- setUp -->
        <test-method signature="loginTest()[pri:0, instance:com.dollardays.testcases.TC_SignIn_002@31000e60]" started-at="2021-01-25T01:03:26 CST" name="loginTest" finished-at="2021-01-25T01:03:55 CST" duration-ms="29282" status="PASS">
          <reporter-output>
          </reporter-output>
        </test-method> <!-- loginTest -->
        <test-method is-config="true" signature="teardown()[pri:0, instance:com.dollardays.testcases.TC_SignIn_002@31000e60]" started-at="2021-01-25T01:03:55 CST" name="teardown" finished-at="2021-01-25T01:03:57 CST" duration-ms="1476" status="PASS">
          <reporter-output>
          </reporter-output>
        </test-method> <!-- teardown -->
      </class> <!-- com.dollardays.testcases.TC_SignIn_002 -->
      <class name="com.dollardays.testcases.TC_AddToCart_008">
        <test-method is-config="true" signature="setUp()[pri:0, instance:com.dollardays.testcases.TC_AddToCart_008@2d1dee39]" started-at="2021-01-25T01:05:27 CST" name="setUp" finished-at="2021-01-25T01:05:32 CST" duration-ms="4540" status="PASS">
          <reporter-output>
          </reporter-output>
        </test-method> <!-- setUp -->
        <test-method signature="loginTest()[pri:0, instance:com.dollardays.testcases.TC_AddToCart_008@2d1dee39]" started-at="2021-01-25T01:05:32 CST" name="loginTest" finished-at="2021-01-25T01:05:45 CST" duration-ms="13402" status="PASS">
          <reporter-output>
          </reporter-output>
        </test-method> <!-- loginTest -->
        <test-method is-config="true" signature="teardown()[pri:0, instance:com.dollardays.testcases.TC_AddToCart_008@2d1dee39]" started-at="2021-01-25T01:05:45 CST" name="teardown" finished-at="2021-01-25T01:05:47 CST" duration-ms="1473" status="PASS">
          <reporter-output>
          </reporter-output>
        </test-method> <!-- teardown -->
      </class> <!-- com.dollardays.testcases.TC_AddToCart_008 -->
      <class name="com.dollardays.testcases.TC_GetItemDescription_007">
        <test-method is-config="true" signature="setUp()[pri:0, instance:com.dollardays.testcases.TC_GetItemDescription_007@47f4e407]" started-at="2021-01-25T01:05:07 CST" name="setUp" finished-at="2021-01-25T01:05:12 CST" duration-ms="4956" status="PASS">
          <reporter-output>
          </reporter-output>
        </test-method> <!-- setUp -->
        <test-method signature="loginTest()[pri:0, instance:com.dollardays.testcases.TC_GetItemDescription_007@47f4e407]" started-at="2021-01-25T01:05:12 CST" name="loginTest" finished-at="2021-01-25T01:05:26 CST" duration-ms="13633" status="PASS">
          <reporter-output>
          </reporter-output>
        </test-method> <!-- loginTest -->
        <test-method is-config="true" signature="teardown()[pri:0, instance:com.dollardays.testcases.TC_GetItemDescription_007@47f4e407]" started-at="2021-01-25T01:05:26 CST" name="teardown" finished-at="2021-01-25T01:05:27 CST" duration-ms="1515" status="PASS">
          <reporter-output>
          </reporter-output>
        </test-method> <!-- teardown -->
      </class> <!-- com.dollardays.testcases.TC_GetItemDescription_007 -->
      <class name="com.dollardays.testcases.TC_ClickSortByDropDown_004">
        <test-method is-config="true" signature="setUp()[pri:0, instance:com.dollardays.testcases.TC_ClickSortByDropDown_004@24d09c1]" started-at="2021-01-25T01:04:13 CST" name="setUp" finished-at="2021-01-25T01:04:17 CST" duration-ms="3506" status="PASS">
          <reporter-output>
          </reporter-output>
        </test-method> <!-- setUp -->
        <test-method signature="loginTest()[pri:0, instance:com.dollardays.testcases.TC_ClickSortByDropDown_004@24d09c1]" started-at="2021-01-25T01:04:17 CST" name="loginTest" finished-at="2021-01-25T01:04:28 CST" duration-ms="10737" status="PASS">
          <reporter-output>
          </reporter-output>
        </test-method> <!-- loginTest -->
        <test-method is-config="true" signature="teardown()[pri:0, instance:com.dollardays.testcases.TC_ClickSortByDropDown_004@24d09c1]" started-at="2021-01-25T01:04:28 CST" name="teardown" finished-at="2021-01-25T01:04:29 CST" duration-ms="1390" status="PASS">
          <reporter-output>
          </reporter-output>
        </test-method> <!-- teardown -->
      </class> <!-- com.dollardays.testcases.TC_ClickSortByDropDown_004 -->
    </test> <!-- Dollar Days Test -->
  </suite> <!-- Suite -->
</testng-results>
