<?xml version="1.0" encoding="UTF-8"?>
<testng-results ignored="0" total="8" passed="8" failed="0" skipped="0">
  <reporter-output>
  </reporter-output>
  <suite started-at="2021-01-25T14:26:55 CST" name="Suite" finished-at="2021-01-25T14:30:38 CST" duration-ms="223289">
    <groups>
    </groups>
    <test started-at="2021-01-25T14:26:55 CST" name="Dollar Days Test" finished-at="2021-01-25T14:30:38 CST" duration-ms="223289">
      <class name="com.dollardays.testcases.TC_ClickViewDropDown_005">
        <test-method is-config="true" signature="setUp()[pri:0, instance:com.dollardays.testcases.TC_ClickViewDropDown_005@54c62d71]" started-at="2021-01-25T14:28:38 CST" name="setUp" finished-at="2021-01-25T14:28:44 CST" duration-ms="6829" status="PASS">
          <reporter-output>
          </reporter-output>
        </test-method> <!-- setUp -->
        <test-method signature="loginTest()[pri:0, instance:com.dollardays.testcases.TC_ClickViewDropDown_005@54c62d71]" started-at="2021-01-25T14:28:44 CST" name="loginTest" finished-at="2021-01-25T14:28:59 CST" duration-ms="14823" status="PASS">
          <reporter-output>
          </reporter-output>
        </test-method> <!-- loginTest -->
        <test-method is-config="true" signature="teardown()[pri:0, instance:com.dollardays.testcases.TC_ClickViewDropDown_005@54c62d71]" started-at="2021-01-25T14:28:59 CST" name="teardown" finished-at="2021-01-25T14:29:07 CST" duration-ms="7411" status="PASS">
          <reporter-output>
          </reporter-output>
        </test-method> <!-- teardown -->
      </class> <!-- com.dollardays.testcases.TC_ClickViewDropDown_005 -->
      <class name="com.dollardays.testcases.TC_GetURLTest_001">
        <test-method is-config="true" signature="setUp()[pri:0, instance:com.dollardays.testcases.TC_GetURLTest_001@5911e990]" started-at="2021-01-25T14:26:55 CST" name="setUp" finished-at="2021-01-25T14:27:01 CST" duration-ms="6224" status="PASS">
          <reporter-output>
          </reporter-output>
        </test-method> <!-- setUp -->
        <test-method signature="loginTest()[pri:0, instance:com.dollardays.testcases.TC_GetURLTest_001@5911e990]" started-at="2021-01-25T14:27:01 CST" name="loginTest" finished-at="2021-01-25T14:27:06 CST" duration-ms="4502" status="PASS">
          <reporter-output>
          </reporter-output>
        </test-method> <!-- loginTest -->
        <test-method is-config="true" signature="teardown()[pri:0, instance:com.dollardays.testcases.TC_GetURLTest_001@5911e990]" started-at="2021-01-25T14:27:06 CST" name="teardown" finished-at="2021-01-25T14:27:13 CST" duration-ms="7167" status="PASS">
          <reporter-output>
          </reporter-output>
        </test-method> <!-- teardown -->
      </class> <!-- com.dollardays.testcases.TC_GetURLTest_001 -->
      <class name="com.dollardays.testcases.TC_ClickFavorite_003">
        <test-method is-config="true" signature="setUp()[pri:0, instance:com.dollardays.testcases.TC_ClickFavorite_003@1d470d0]" started-at="2021-01-25T14:27:37 CST" name="setUp" finished-at="2021-01-25T14:27:42 CST" duration-ms="4482" status="PASS">
          <reporter-output>
          </reporter-output>
        </test-method> <!-- setUp -->
        <test-method signature="loginTest()[pri:0, instance:com.dollardays.testcases.TC_ClickFavorite_003@1d470d0]" started-at="2021-01-25T14:27:42 CST" name="loginTest" finished-at="2021-01-25T14:27:56 CST" duration-ms="14459" status="PASS">
          <reporter-output>
          </reporter-output>
        </test-method> <!-- loginTest -->
        <test-method is-config="true" signature="teardown()[pri:0, instance:com.dollardays.testcases.TC_ClickFavorite_003@1d470d0]" started-at="2021-01-25T14:27:56 CST" name="teardown" finished-at="2021-01-25T14:28:03 CST" duration-ms="6985" status="PASS">
          <reporter-output>
          </reporter-output>
        </test-method> <!-- teardown -->
      </class> <!-- com.dollardays.testcases.TC_ClickFavorite_003 -->
      <class name="com.dollardays.testcases.TC_ClickItem_006">
        <test-method is-config="true" signature="setUp()[pri:0, instance:com.dollardays.testcases.TC_ClickItem_006@65045a87]" started-at="2021-01-25T14:29:07 CST" name="setUp" finished-at="2021-01-25T14:29:12 CST" duration-ms="5349" status="PASS">
          <reporter-output>
          </reporter-output>
        </test-method> <!-- setUp -->
        <test-method signature="loginTest()[pri:0, instance:com.dollardays.testcases.TC_ClickItem_006@65045a87]" started-at="2021-01-25T14:29:12 CST" name="loginTest" finished-at="2021-01-25T14:29:30 CST" duration-ms="17588" status="PASS">
          <reporter-output>
          </reporter-output>
        </test-method> <!-- loginTest -->
        <test-method is-config="true" signature="teardown()[pri:0, instance:com.dollardays.testcases.TC_ClickItem_006@65045a87]" started-at="2021-01-25T14:29:30 CST" name="teardown" finished-at="2021-01-25T14:29:37 CST" duration-ms="7217" status="PASS">
          <reporter-output>
          </reporter-output>
        </test-method> <!-- teardown -->
      </class> <!-- com.dollardays.testcases.TC_ClickItem_006 -->
      <class name="com.dollardays.testcases.TC_SignIn_002">
        <test-method is-config="true" signature="setUp()[pri:0, instance:com.dollardays.testcases.TC_SignIn_002@31000e60]" started-at="2021-01-25T14:27:13 CST" name="setUp" finished-at="2021-01-25T14:27:18 CST" duration-ms="5068" status="PASS">
          <reporter-output>
          </reporter-output>
        </test-method> <!-- setUp -->
        <test-method signature="loginTest()[pri:0, instance:com.dollardays.testcases.TC_SignIn_002@31000e60]" started-at="2021-01-25T14:27:18 CST" name="loginTest" finished-at="2021-01-25T14:27:30 CST" duration-ms="11493" status="PASS">
          <reporter-output>
          </reporter-output>
        </test-method> <!-- loginTest -->
        <test-method is-config="true" signature="teardown()[pri:0, instance:com.dollardays.testcases.TC_SignIn_002@31000e60]" started-at="2021-01-25T14:27:30 CST" name="teardown" finished-at="2021-01-25T14:27:37 CST" duration-ms="7283" status="PASS">
          <reporter-output>
          </reporter-output>
        </test-method> <!-- teardown -->
      </class> <!-- com.dollardays.testcases.TC_SignIn_002 -->
      <class name="com.dollardays.testcases.TC_AddToCart_008">
        <test-method is-config="true" signature="setUp()[pri:0, instance:com.dollardays.testcases.TC_AddToCart_008@2d1dee39]" started-at="2021-01-25T14:30:03 CST" name="setUp" finished-at="2021-01-25T14:30:09 CST" duration-ms="5688" status="PASS">
          <reporter-output>
          </reporter-output>
        </test-method> <!-- setUp -->
        <test-method signature="loginTest()[pri:0, instance:com.dollardays.testcases.TC_AddToCart_008@2d1dee39]" started-at="2021-01-25T14:30:09 CST" name="loginTest" finished-at="2021-01-25T14:30:32 CST" duration-ms="22642" status="PASS">
          <reporter-output>
          </reporter-output>
        </test-method> <!-- loginTest -->
        <test-method is-config="true" signature="teardown()[pri:0, instance:com.dollardays.testcases.TC_AddToCart_008@2d1dee39]" started-at="2021-01-25T14:30:32 CST" name="teardown" finished-at="2021-01-25T14:30:38 CST" duration-ms="6751" status="PASS">
          <reporter-output>
          </reporter-output>
        </test-method> <!-- teardown -->
      </class> <!-- com.dollardays.testcases.TC_AddToCart_008 -->
      <class name="com.dollardays.testcases.TC_GetItemDescription_007">
        <test-method is-config="true" signature="setUp()[pri:0, instance:com.dollardays.testcases.TC_GetItemDescription_007@47f4e407]" started-at="2021-01-25T14:29:37 CST" name="setUp" finished-at="2021-01-25T14:29:41 CST" duration-ms="4101" status="PASS">
          <reporter-output>
          </reporter-output>
        </test-method> <!-- setUp -->
        <test-method signature="loginTest()[pri:0, instance:com.dollardays.testcases.TC_GetItemDescription_007@47f4e407]" started-at="2021-01-25T14:29:41 CST" name="loginTest" finished-at="2021-01-25T14:29:56 CST" duration-ms="15352" status="PASS">
          <reporter-output>
          </reporter-output>
        </test-method> <!-- loginTest -->
        <test-method is-config="true" signature="teardown()[pri:0, instance:com.dollardays.testcases.TC_GetItemDescription_007@47f4e407]" started-at="2021-01-25T14:29:56 CST" name="teardown" finished-at="2021-01-25T14:30:03 CST" duration-ms="7153" status="PASS">
          <reporter-output>
          </reporter-output>
        </test-method> <!-- teardown -->
      </class> <!-- com.dollardays.testcases.TC_GetItemDescription_007 -->
      <class name="com.dollardays.testcases.TC_ClickSortByDropDown_004">
        <test-method is-config="true" signature="setUp()[pri:0, instance:com.dollardays.testcases.TC_ClickSortByDropDown_004@24d09c1]" started-at="2021-01-25T14:28:03 CST" name="setUp" finished-at="2021-01-25T14:28:08 CST" duration-ms="5059" status="PASS">
          <reporter-output>
          </reporter-output>
        </test-method> <!-- setUp -->
        <test-method signature="loginTest()[pri:0, instance:com.dollardays.testcases.TC_ClickSortByDropDown_004@24d09c1]" started-at="2021-01-25T14:28:08 CST" name="loginTest" finished-at="2021-01-25T14:28:31 CST" duration-ms="23005" status="PASS">
          <reporter-output>
          </reporter-output>
        </test-method> <!-- loginTest -->
        <test-method is-config="true" signature="teardown()[pri:0, instance:com.dollardays.testcases.TC_ClickSortByDropDown_004@24d09c1]" started-at="2021-01-25T14:28:31 CST" name="teardown" finished-at="2021-01-25T14:28:38 CST" duration-ms="6493" status="PASS">
          <reporter-output>
          </reporter-output>
        </test-method> <!-- teardown -->
      </class> <!-- com.dollardays.testcases.TC_ClickSortByDropDown_004 -->
    </test> <!-- Dollar Days Test -->
  </suite> <!-- Suite -->
</testng-results>
