<?xml version="1.0" encoding="UTF-8"?>
<!-- Generated by org.testng.reporters.JUnitXMLReporter -->
<testsuite ignored="0" hostname="Swarup-PC" failures="0" tests="8" name="Test" time="153.893" errors="0" timestamp="2021-01-23T19:00:51 CST">
  <testcase classname="com.dollardays.testcases.TC_GetURLTest_001" name="loginTest" time="9.49"/>
  <testcase classname="com.dollardays.testcases.TC_SignIn_002" name="loginTest" time="13.839"/>
  <testcase classname="com.dollardays.testcases.TC_ClickFavorite_003" name="loginTest" time="10.436"/>
  <testcase classname="com.dollardays.testcases.TC_ClickSortByDropDown_004" name="loginTest" time="13.059"/>
  <testcase classname="com.dollardays.testcases.TC_ClickViewDropDown_005" name="loginTest" time="10.174"/>
  <testcase classname="com.dollardays.testcases.TC_ClickItem_006" name="loginTest" time="13.89"/>
  <testcase classname="com.dollardays.testcases.TC_GetItemDescription_007" name="loginTest" time="15.778"/>
  <testcase classname="com.dollardays.testcases.TC_AddToCart_008" name="loginTest" time="20.837"/>
</testsuite> <!-- Test -->
